{
  "RSpec": {
    "coverage": {
      "/Users/vkorrapati/Documents/Rails Projetcts/rails-task-manager/config/environment.rb": {
        "lines": [
          null,
          1,
          null,
          null,
          1
        ]
      },
      "/Users/vkorrapati/Documents/Rails Projetcts/rails-task-manager/config/application.rb": {
        "lines": [
          1,
          null,
          1,
          null,
          1,
          1,
          1,
          1,
          1,
          1,
          1,
          1,
          1,
          1,
          null,
          null,
          null,
          null,
          null,
          1,
          null,
          1,
          1,
          1,
          null,
          1,
          null,
          null,
          null,
          null,
          null,
          null,
          null,
          null,
          null,
          null,
          null,
          null,
          1,
          1,
          1,
          1,
          null,
          null
        ]
      },
      "/Users/vkorrapati/Documents/Rails Projetcts/rails-task-manager/config/boot.rb": {
        "lines": [
          1,
          null,
          1,
          1
        ]
      },
      "/Users/vkorrapati/Documents/Rails Projetcts/rails-task-manager/config/spring.rb": {
        "lines": [
          1,
          null,
          null,
          null,
          null,
          null
        ]
      },
      "/Users/vkorrapati/Documents/Rails Projetcts/rails-task-manager/config/environments/test.rb": {
        "lines": [
          1,
          null,
          null,
          null,
          null,
          null,
          null,
          1,
          null,
          null,
          1,
          1,
          null,
          null,
          null,
          null,
          1,
          null,
          null,
          1,
          1,
          null,
          null,
          null,
          null,
          1,
          1,
          1,
          null,
          null,
          1,
          null,
          null,
          1,
          null,
          null,
          1,
          null,
          1,
          null,
          null,
          null,
          null,
          1,
          null,
          null,
          1,
          null,
          null,
          1,
          null,
          null,
          1,
          null,
          null,
          null,
          null,
          null,
          null,
          null
        ]
      },
      "/Users/vkorrapati/Documents/Rails Projetcts/rails-task-manager/config/initializers/application_controller_renderer.rb": {
        "lines": [
          null,
          null,
          null,
          null,
          null,
          null,
          null,
          null
        ]
      },
      "/Users/vkorrapati/Documents/Rails Projetcts/rails-task-manager/config/initializers/backtrace_silencers.rb": {
        "lines": [
          null,
          null,
          null,
          null,
          null,
          null,
          null,
          1
        ]
      },
      "/Users/vkorrapati/Documents/Rails Projetcts/rails-task-manager/config/initializers/cors.rb": {
        "lines": [
          null,
          null,
          null,
          null,
          null,
          null,
          null,
          null,
          null,
          null,
          null,
          null,
          null,
          null,
          null,
          null
        ]
      },
      "/Users/vkorrapati/Documents/Rails Projetcts/rails-task-manager/config/initializers/filter_parameter_logging.rb": {
        "lines": [
          null,
          null,
          null,
          1,
          null,
          null
        ]
      },
      "/Users/vkorrapati/Documents/Rails Projetcts/rails-task-manager/config/initializers/inflections.rb": {
        "lines": [
          null,
          null,
          null,
          null,
          null,
          null,
          null,
          null,
          null,
          null,
          null,
          null,
          null,
          null,
          null,
          null
        ]
      },
      "/Users/vkorrapati/Documents/Rails Projetcts/rails-task-manager/config/initializers/mime_types.rb": {
        "lines": [
          null,
          null,
          null,
          null
        ]
      },
      "/Users/vkorrapati/Documents/Rails Projetcts/rails-task-manager/config/initializers/omniauth.rb": {
        "lines": [
          1,
          1,
          null,
          1
        ]
      },
      "/Users/vkorrapati/Documents/Rails Projetcts/rails-task-manager/config/initializers/wrap_parameters.rb": {
        "lines": [
          null,
          null,
          null,
          null,
          null,
          null,
          1,
          2,
          null,
          null,
          null,
          null,
          null,
          null
        ]
      },
      "/Users/vkorrapati/Documents/Rails Projetcts/rails-task-manager/spec/factories/accesstokens.rb": {
        "lines": [
          1,
          1,
          1,
          null,
          null
        ]
      },
      "/Users/vkorrapati/Documents/Rails Projetcts/rails-task-manager/spec/factories/articles.rb": {
        "lines": [
          1,
          1,
          1,
          1,
          null,
          null
        ]
      },
      "/Users/vkorrapati/Documents/Rails Projetcts/rails-task-manager/spec/factories/examples.rb": {
        "lines": [
          1,
          1,
          1,
          1,
          null,
          null
        ]
      },
      "/Users/vkorrapati/Documents/Rails Projetcts/rails-task-manager/spec/factories/tasks.rb": {
        "lines": [
          1,
          1,
          16,
          16,
          1,
          null,
          null
        ]
      },
      "/Users/vkorrapati/Documents/Rails Projetcts/rails-task-manager/spec/factories/users.rb": {
        "lines": [
          1,
          1,
          17,
          17,
          17,
          17,
          null,
          null
        ]
      },
      "/Users/vkorrapati/Documents/Rails Projetcts/rails-task-manager/config/routes.rb": {
        "lines": [
          1,
          null,
          1,
          1,
          1,
          1,
          null
        ]
      },
      "/Users/vkorrapati/Documents/Rails Projetcts/rails-task-manager/spec/support/api_helpers.rb": {
        "lines": [
          1,
          1,
          10,
          null,
          null,
          1,
          8,
          null,
          null
        ]
      },
      "/Users/vkorrapati/Documents/Rails Projetcts/rails-task-manager/spec/support/shared/json_errors.rb": {
        "lines": [
          1,
          null,
          1,
          0,
          null,
          0,
          null,
          null,
          null,
          null,
          null,
          null,
          0,
          0,
          0,
          null,
          null,
          0,
          0,
          0,
          null,
          null,
          null,
          1,
          0,
          null,
          0,
          null,
          null,
          null,
          null,
          null,
          null,
          0,
          0,
          0,
          null,
          null,
          0,
          0,
          0,
          null,
          null
        ]
      },
      "/Users/vkorrapati/Documents/Rails Projetcts/rails-task-manager/app/models/accesstoken.rb": {
        "lines": [
          1,
          1,
          1,
          null,
          1,
          null,
          1,
          null,
          1,
          0,
          0,
          0,
          null,
          null,
          null
        ]
      },
      "/Users/vkorrapati/Documents/Rails Projetcts/rails-task-manager/app/models/application_record.rb": {
        "lines": [
          1,
          1,
          null
        ]
      },
      "/Users/vkorrapati/Documents/Rails Projetcts/rails-task-manager/spec/models/article_spec.rb": {
        "lines": [
          1,
          null,
          1,
          1,
          null
        ]
      },
      "/Users/vkorrapati/Documents/Rails Projetcts/rails-task-manager/app/models/article.rb": {
        "lines": [
          1,
          null
        ]
      },
      "/Users/vkorrapati/Documents/Rails Projetcts/rails-task-manager/spec/models/example_spec.rb": {
        "lines": [
          1,
          null,
          1,
          1,
          null
        ]
      },
      "/Users/vkorrapati/Documents/Rails Projetcts/rails-task-manager/app/models/example.rb": {
        "lines": [
          1,
          null
        ]
      },
      "/Users/vkorrapati/Documents/Rails Projetcts/rails-task-manager/spec/models/task_spec.rb": {
        "lines": [
          1,
          null,
          1,
          null,
          1,
          null,
          1,
          1,
          null,
          null,
          1,
          1,
          1,
          1,
          null,
          null,
          1,
          1,
          1,
          1,
          null,
          null,
          null,
          null,
          1,
          1,
          1,
          1,
          1,
          null,
          null,
          1,
          1,
          null,
          null,
          null,
          null,
          null,
          null
        ]
      },
      "/Users/vkorrapati/Documents/Rails Projetcts/rails-task-manager/app/models/task.rb": {
        "lines": [
          1,
          1,
          1,
          1,
          8,
          null
        ]
      },
      "/Users/vkorrapati/Documents/Rails Projetcts/rails-task-manager/spec/models/user_spec.rb": {
        "lines": [
          1,
          null,
          1,
          null,
          null
        ]
      },
      "/Users/vkorrapati/Documents/Rails Projetcts/rails-task-manager/app/models/user.rb": {
        "lines": [
          1,
          1,
          null,
          1,
          null,
          1,
          1,
          null
        ]
      },
      "/Users/vkorrapati/Documents/Rails Projetcts/rails-task-manager/spec/requests/tasks_spec.rb": {
        "lines": [
          1,
          null,
          1,
          1,
          1,
          1,
          null,
          1,
          null,
          null,
          1,
          1,
          1,
          1,
          1,
          1,
          1,
          1,
          1,
          null,
          null,
          null,
          null,
          null,
          null,
          1,
          null,
          1,
          1,
          1,
          3,
          1,
          null,
          null,
          null,
          null,
          1,
          1,
          1,
          1,
          1,
          null,
          null,
          1,
          1,
          1,
          1,
          1,
          null,
          null,
          null,
          null,
          null,
          null,
          1,
          3,
          null,
          3,
          null,
          3,
          null,
          1,
          1,
          null,
          null,
          1,
          1,
          1,
          1,
          1,
          null,
          null,
          null,
          null,
          null,
          null,
          null,
          null,
          null,
          null,
          null,
          null,
          null,
          null,
          null,
          null,
          null,
          null,
          null,
          null,
          null,
          null,
          null,
          null,
          null,
          null,
          null,
          null,
          null,
          null,
          null,
          null,
          null,
          null,
          null,
          null,
          null,
          null,
          null,
          null,
          null,
          null,
          null,
          null,
          null,
          null,
          null,
          null,
          null,
          null,
          null,
          null,
          null,
          null,
          null,
          null,
          null,
          null,
          null,
          null,
          null,
          null,
          null,
          null,
          null,
          null,
          null,
          null,
          null,
          null,
          null,
          null,
          null,
          null,
          null,
          null,
          null,
          null,
          null,
          null,
          null,
          null,
          null,
          null,
          null,
          null,
          null,
          null,
          null,
          null,
          null,
          null,
          null,
          null,
          null,
          null,
          null,
          null,
          null,
          null
        ]
      },
      "/Users/vkorrapati/Documents/Rails Projetcts/rails-task-manager/spec/routing/tasks_spec.rb": {
        "lines": [
          1,
          null,
          1,
          1,
          null,
          1,
          1,
          1,
          null,
          null,
          null,
          null,
          null,
          1,
          1,
          null,
          null,
          1,
          1,
          null,
          null,
          1,
          1,
          1,
          null,
          null,
          1,
          1,
          null,
          null,
          null
        ]
      },
      "/Users/vkorrapati/Documents/Rails Projetcts/rails-task-manager/app/controllers/tasks_controller.rb": {
        "lines": [
          1,
          1,
          1,
          null,
          1,
          5,
          5,
          null,
          null,
          1,
          2,
          2,
          null,
          null,
          1,
          0,
          0,
          0,
          null,
          0,
          null,
          null,
          1,
          0,
          0,
          0,
          null,
          0,
          null,
          null,
          1,
          0,
          0,
          0,
          null,
          0,
          null,
          null,
          1,
          null,
          1,
          0,
          null,
          null,
          1,
          7,
          null,
          null,
          1,
          0,
          null,
          null,
          null,
          null
        ]
      },
      "/Users/vkorrapati/Documents/Rails Projetcts/rails-task-manager/app/controllers/application_controller.rb": {
        "lines": [
          1,
          1,
          1,
          null,
          null,
          1,
          1,
          null,
          1,
          1,
          null,
          1,
          null,
          1,
          null,
          1,
          0,
          null,
          null,
          1,
          0,
          0,
          null,
          null,
          1,
          0,
          null,
          null,
          1,
          null,
          0,
          null,
          null,
          null,
          null,
          0,
          null,
          null,
          1,
          null,
          0,
          null,
          null,
          null,
          null,
          0,
          null,
          null
        ]
      },
      "/Users/vkorrapati/Documents/Rails Projetcts/rails-task-manager/app/lib/user_authenticator.rb": {
        "lines": [
          1,
          1,
          null,
          1,
          null,
          1,
          0,
          null,
          null,
          1,
          0,
          0,
          null,
          0,
          0,
          0,
          null,
          0,
          null,
          null,
          null,
          1,
          null,
          1,
          0,
          null,
          null,
          1,
          0,
          null,
          null,
          1,
          0,
          0,
          null,
          0,
          null,
          null,
          null,
          1,
          null
        ]
      },
      "/Users/vkorrapati/Documents/Rails Projetcts/rails-task-manager/app/controllers/concerns/paginable.rb": {
        "lines": [
          1,
          1,
          null,
          1,
          5,
          null,
          null,
          null,
          null,
          null,
          null,
          1,
          5,
          null,
          null,
          1,
          5,
          null,
          null,
          1,
          null,
          null,
          5,
          null,
          null,
          5,
          5,
          null,
          null
        ]
      },
      "/Users/vkorrapati/Documents/Rails Projetcts/rails-task-manager/app/serializers/task_serializer.rb": {
        "lines": [
          1,
          1,
          1,
          null
        ]
      }
    },
    "timestamp": 1627292521
  }
}
